**************************************************
Base DataFrames
**************************************************
+-----+----------+-------+
|empid|      name|country|
+-----+----------+-------+
|   10|     sunil|  India|
|   20|    dinesh|  India|
|   30|tony stark|    USA|
+-----+----------+-------+


+-------+---------+
|dept_id|    state|
+-------+---------+
|     10|Karnataka|
|     20|      KGF|
+-------+---------+


**************************************************
BroadcastJoin
**************************************************
+-----+------+-------+-------+---------+
|empid|  name|country|dept_id|    state|
+-----+------+-------+-------+---------+
|   10| sunil|  India|     10|Karnataka|
|   20|dinesh|  India|     20|      KGF|
+-----+------+-------+-------+---------+


