**************************************************

 current_date() function is used to get the current systenm date. By default the date will be returned in YYYY-dd-mm
**************************************************
+---+----------+------------+
| id|     input|current_date|
+---+----------+------------+
|  1|2020-02-01|  2022-04-19|
|  2|2019-03-01|  2022-04-19|
|  3|2021-03-01|  2022-04-19|
+---+----------+------------+

+------------+
|current_date|
+------------+
|  2022-04-19|
|  2022-04-19|
|  2022-04-19|
+------------+

**************************************************
date format function MM-dd-YYYY
**************************************************
+---+----------+----------+
| id|     input|mm-dd-yyyy|
+---+----------+----------+
|  1|2020-02-01|01-02-2020|
|  2|2019-03-01|01-03-2019|
|  3|2021-03-01|01-03-2021|
+---+----------+----------+

**************************************************
to_date() converts string in date format 'yyyy-mm-dd'  to date type
yyyy-mm-dd
**************************************************
+----------+----------+
|     input|   to_date|
+----------+----------+
|2020-02-01|2019-12-29|
|2019-03-01|2018-12-30|
|2021-03-01|2020-12-27|
+----------+----------+

**************************************************
datediff returns difference betwee to dates using datediff()
**************************************************
+--------+
|datediff|
+--------+
|     808|
|    1145|
|     414|
+--------+

**************************************************
Months betwee - months_between()
**************************************************
+--------------+
|months_between|
+--------------+
|   26.58064516|
|   37.58064516|
|   13.58064516|
+--------------+

**************************************************
trunc() function
**************************************************
+----------+-----------+----------+-----------+
|     input|Month_trunc|Year_trunc|Month_trunc|
+----------+-----------+----------+-----------+
|2020-02-01| 2020-02-01|2020-01-01| 2020-02-01|
|2019-03-01| 2019-03-01|2019-01-01| 2019-03-01|
|2021-03-01| 2021-03-01|2021-01-01| 2021-03-01|
+----------+-----------+----------+-----------+

**************************************************
add_months(), date_add(), date_sub()
**************************************************
+----------+----------+----------+----------+----------+
|     input| 3monthadd|-3monthadd| date_add4| date_sub4|
+----------+----------+----------+----------+----------+
|2020-02-01|2020-05-01|2019-11-01|2020-02-05|2020-01-28|
|2019-03-01|2019-06-01|2018-12-01|2019-03-05|2019-02-25|
|2021-03-01|2021-06-01|2020-12-01|2021-03-05|2021-02-25|
+----------+----------+----------+----------+----------+

**************************************************
year(), month(), next_day(), weekofyear()
**************************************************
+----------+----+-----+----------+----------+
|     input|year|month|  next_day|weekofyear|
+----------+----+-----+----------+----------+
|2020-02-01|2020|    2|2020-02-02|         5|
|2019-03-01|2019|    3|2019-03-03|         9|
|2021-03-01|2021|    3|2021-03-07|         9|
+----------+----+-----+----------+----------+

**************************************************
dayofweek(), dayofmonth(), dayofyear()
**************************************************
+----------+---------+----------+---------+
|     input|dayofweek|dayofmonth|dayofyear|
+----------+---------+----------+---------+
|2020-02-01|        7|         1|       32|
|2019-03-01|        6|         1|       60|
|2021-03-01|        2|         1|       60|
+----------+---------+----------+---------+

**************************************************
current timestamp
**************************************************
+----------+-----------------------+
|input     |current_timestamp      |
+----------+-----------------------+
|2020-02-01|2022-04-19 15:03:23.817|
|2019-03-01|2022-04-19 15:03:23.817|
|2021-03-01|2022-04-19 15:03:23.817|
+----------+-----------------------+

**************************************************
To timestamp
**************************************************
+----------------------+------------+
|input                 |to_timestamp|
+----------------------+------------+
|2020-02-01 11:01:19.06|null        |
+----------------------+------------+

**************************************************
hour(), minute(), second()
**************************************************
Traceback (most recent call last):
  File "/home/sunil/sparkcode/pysparkcode/date_timestamp.py", line 77, in <module>
    df3.select(col("input"), hour(col("input")).alias("hour"), minute(col(input)).alias("minute"), second(col("input")).alias("second")).show(truncate=False)
  File "/home/sunil/spark-2.4.6-bin-hadoop2.7/python/pyspark/sql/functions.py", line 44, in _
    jc = getattr(sc._jvm.functions, name)(col._jc if isinstance(col, Column) else col)
  File "/home/sunil/spark-2.4.6-bin-hadoop2.7/python/lib/py4j-0.10.7-src.zip/py4j/java_gateway.py", line 1248, in __call__
  File "/home/sunil/spark-2.4.6-bin-hadoop2.7/python/lib/py4j-0.10.7-src.zip/py4j/java_gateway.py", line 1218, in _build_args
  File "/home/sunil/spark-2.4.6-bin-hadoop2.7/python/lib/py4j-0.10.7-src.zip/py4j/protocol.py", line 298, in get_command_part
AttributeError: 'builtin_function_or_method' object has no attribute '_get_object_id'
