****************************************************************************************************
Inner Join gets common values from both tables and drops the unmatched
****************************************************************************************************
+------+--------+---------------+-----------+-----------+------+------+---------+-------+
|emp_id|    name|superior_emp_id|year_joined|emp_dept_id|gender|salary|dept_name|dept_id|
+------+--------+---------------+-----------+-----------+------+------+---------+-------+
|     1|   Smith|             -1|       2018|         10|     M|  3000|  Finance|     10|
|     3|Williams|              1|       2010|         10|     M|  1000|  Finance|     10|
|     4|   Jones|              2|       2005|         10|     F|  2000|  Finance|     10|
|     2|    Rose|              1|       2010|         20|     M|  4000|Marketing|     20|
|     5|   Brown|              2|       2010|         40|      |    -1|       IT|     40|
+------+--------+---------------+-----------+-----------+------+------+---------+-------+

****************************************************************************************************
Full Outer Join returns all rows from both datasets 
where join expression doesnt match it returns null on respective record columns
****************************************************************************************************
+------+--------+---------------+-----------+-----------+------+------+---------+-------+
|emp_id|    name|superior_emp_id|year_joined|emp_dept_id|gender|salary|dept_name|dept_id|
+------+--------+---------------+-----------+-----------+------+------+---------+-------+
|     6|   Brown|              2|       2010|         50|      |    -1|     null|   null|
|     1|   Smith|             -1|       2018|         10|     M|  3000|  Finance|     10|
|     3|Williams|              1|       2010|         10|     M|  1000|  Finance|     10|
|     4|   Jones|              2|       2005|         10|     F|  2000|  Finance|     10|
|  null|    null|           null|       null|       null|  null|  null|    Sales|     30|
|     2|    Rose|              1|       2010|         20|     M|  4000|Marketing|     20|
|     5|   Brown|              2|       2010|         40|      |    -1|       IT|     40|
+------+--------+---------------+-----------+-----------+------+------+---------+-------+

****************************************************************************************************
Left Outer Join returns all rows from the left dataset
regardless of match found on the right dataset
when join expression doesnt match it assigns null for that record
and drops records from right where match not found
****************************************************************************************************
+------+--------+---------------+-----------+-----------+------+------+---------+-------+
|emp_id|    name|superior_emp_id|year_joined|emp_dept_id|gender|salary|dept_name|dept_id|
+------+--------+---------------+-----------+-----------+------+------+---------+-------+
|     6|   Brown|              2|       2010|         50|      |    -1|     null|   null|
|     1|   Smith|             -1|       2018|         10|     M|  3000|  Finance|     10|
|     3|Williams|              1|       2010|         10|     M|  1000|  Finance|     10|
|     4|   Jones|              2|       2005|         10|     F|  2000|  Finance|     10|
|     2|    Rose|              1|       2010|         20|     M|  4000|Marketing|     20|
|     5|   Brown|              2|       2010|         40|      |    -1|       IT|     40|
+------+--------+---------------+-----------+-----------+------+------+---------+-------+

****************************************************************************************************
Right Outer Join returns all rows from the right dataset
regardless of match found on the left dataset
when join expression doesnt match it assigns null for that record
and drops records from left where match not found
****************************************************************************************************
+------+--------+---------------+-----------+-----------+------+------+---------+-------+
|emp_id|    name|superior_emp_id|year_joined|emp_dept_id|gender|salary|dept_name|dept_id|
+------+--------+---------------+-----------+-----------+------+------+---------+-------+
|     1|   Smith|             -1|       2018|         10|     M|  3000|  Finance|     10|
|     3|Williams|              1|       2010|         10|     M|  1000|  Finance|     10|
|     4|   Jones|              2|       2005|         10|     F|  2000|  Finance|     10|
|  null|    null|           null|       null|       null|  null|  null|    Sales|     30|
|     2|    Rose|              1|       2010|         20|     M|  4000|Marketing|     20|
|     5|   Brown|              2|       2010|         40|      |    -1|       IT|     40|
+------+--------+---------------+-----------+-----------+------+------+---------+-------+

****************************************************************************************************
Left Semi join returns columns from the left dataset and ignores all the columns from the right dataset. This join
returns columns from left dataset for the records match in the right dataset on the join expression, 
records not matched are ignored from both left and right datasets
****************************************************************************************************
+------+--------+---------------+-----------+-----------+------+------+
|emp_id|    name|superior_emp_id|year_joined|emp_dept_id|gender|salary|
+------+--------+---------------+-----------+-----------+------+------+
|     1|   Smith|             -1|       2018|         10|     M|  3000|
|     3|Williams|              1|       2010|         10|     M|  1000|
|     4|   Jones|              2|       2005|         10|     F|  2000|
|     2|    Rose|              1|       2010|         20|     M|  4000|
|     5|   Brown|              2|       2010|         40|      |    -1|
+------+--------+---------------+-----------+-----------+------+------+

****************************************************************************************************
Left Anti Join returns only columns from the the left dataset for non-matched records
****************************************************************************************************
+------+-----+---------------+-----------+-----------+------+------+
|emp_id| name|superior_emp_id|year_joined|emp_dept_id|gender|salary|
+------+-----+---------------+-----------+-----------+------+------+
|     6|Brown|              2|       2010|         50|      |    -1|
+------+-----+---------------+-----------+-----------+------+------+

****************************************************************************************************
Pyspark self join
****************************************************************************************************
+------+--------+---------------+-----------------+
|emp_id|    name|superior_emp_id|superior_emp_name|
+------+--------+---------------+-----------------+
|     2|    Rose|              1|            Smith|
|     3|Williams|              1|            Smith|
|     4|   Jones|              2|             Rose|
|     5|   Brown|              2|             Rose|
|     6|   Brown|              2|             Rose|
+------+--------+---------------+-----------------+

****************************************************************************************************
Join on Multiple dataframes
****************************************************************************************************
df1.join(df2, df1.id1 == df2.id2, "inner") \ 
.join(df3, df1.id1 == df3.id3, "inner"
